TBBmalloc: skip allocation functions replacement in ucrtbase.dll: unknown prologue for function _msize
Info: *******************************************************************
Info: Running Quartus Prime Programmer
    Info: Version 23.1std.0 Build 991 11/28/2023 Patches 0.02std SC Lite Edition
    Info: Copyright (C) 2023  Intel Corporation. All rights reserved.
    Info: Your use of Intel Corporation's design tools, logic functions 
    Info: and other software and tools, and any partner logic 
    Info: functions, and any output files from any of the foregoing 
    Info: (including device programming or simulation files), and any 
    Info: associated documentation or information are expressly subject 
    Info: to the terms and conditions of the Intel Program License 
    Info: Subscription Agreement, the Intel Quartus Prime License Agreement,
    Info: the Intel FPGA IP License Agreement, or other applicable license
    Info: agreement, including, without limitation, that your use is for
    Info: the sole purpose of programming logic devices manufactured by
    Info: Intel and sold by Intel or its authorized distributors.  Please
    Info: refer to the applicable agreement for further details, at
    Info: https://fpgasoftware.intel.com/eula.
    Info: Processing started: Mon May 25 21:11:16 2026
Info: Command: quartus_pgm -c 1 -m JTAG -o P;E:\Main\JuniorII\NonExam\FPGA\DE2Extra\par\de2os\de2os.sof
Info (213045): Using programming cable "USB-Blaster [USB-0]"
Info (213011): Using programming file E:/Main/JuniorII/NonExam/FPGA/DE2Extra/par/de2os/de2os.sof with checksum 0x01887C65 for device EP4CE115F29@1
Info (209060): Started Programmer operation at Mon May 25 21:11:19 2026
Info (209016): Configuring device index 1
Info (209017): Device 1 contains JTAG ID code 0x020F70DD
Info (209007): Configuration succeeded -- 1 device(s) configured
Info (209011): Successfully performed operation(s)
Info (209061): Ended Programmer operation at Mon May 25 21:11:26 2026
Info: Quartus Prime Programmer was successful. 0 errors, 0 warnings
    Info: Peak virtual memory: 4480 megabytes
    Info: Processing ended: Mon May 25 21:11:26 2026
    Info: Elapsed time: 00:00:10
    Info: Total CPU time (on all processors): 00:00:02
